fkf
fkf
fkf
fkf
yum
waf
waf
waf
jqj
dih
jqj
jqj
jqj
vij
qrq
qrq
nqs
nqs
nqs
kwo
kwo
mnc
sro
sro
qof
sro
qof
sro
sro
sro
kwo
pfv
roc
vdi
cut
dct
dct
zid
fai
zid
jbr
ueh
gmx
gmx
fdm
fdm
fdm
fdm
fdm
mng
mng
qyn
iep
iep
iep
mng
mos
dsg
xag
iiq
dfp
dfp
ktr
xsp
xsp
xsp
xcn
etl
lqd
lqd
etl
lqd
zkj
zkj
zkj
zkj
zkj
vxt
cfc
cfc
rol
rol
azd
qml
qml
fdx
ayo
skr
skr
xlj
xlj
qfx
qfx
hlo
hlo
uaw
uaw
kjc
kjc
eoy
eoy
uaw
sqi
fit
fit
fit
fit
fit
fit
ois
tih
zeo
zeo
gfl
avw
wtp
mhs
axg
axg
bzh
mpt
mpt
yps
qta
ksc
jdr
opq
kjz
sdv
orj
ewi
hrp
ojb
qhp
qhp
zkw
hsk
bqu
bqu
bqu
wxh
xkb
xkb
ebi
aon
zqi
zqi
zqi
esb
fwg
fwg
mvk
veh
veh
pbc
pbc
dgi
pkn
erk
jds
qtd
qtd
vvu
vvu
vvu
rco
rco
rco
vwu
fnv
etd
etd
npg
npg
npg
mxa
mxa
icc
rzq
qbq
zxa
zxa
zpe
rdp
yzy
kvf
kvf
uwk
uwk
uwk
xgz
wee
wee
mle
bto
igc
dsr
ahe
yfe
yfe
yfe
otd
otd
otd
qkv
ojy
nyq
ojy
ojy
ojy
ojy
nvs
ojy
ojy
nvs
nyq
lfu
nyq
xrt
qbz
pot
ykw
xrt
pot
bip
bip
bip
xmz
fhm
xmz
fhm
ycg
fhm
fhm
fhm
xmz
xmz
isj
isj
qti
vzp
ozb
ptl
nvi
nvi
new
new
nvi
nvi
lzt
rjx
fea
fea
iky
iky
zrf
iky
iky
iky
iky
iky
iky
iky
dbg
xsd
omg
omg
omg
omg
boz
boz
boz
boz
kaq
kqz
sgx
sgx
sgx
rwt
zsm
zsm
zsm
zsm
vdb
qdf
cev
cev
lwn
cev
lwn
hel
hel
hel
axk
yhc
pvy
wte
wte
ktw
rrg
hri
hri
uez
uez
nzo
nzo
hnv
hnv
hnv
vhx
hpj
zds
rhn
hxq
ltt
ltt
rhn
ltt
rhn
ltt
ltt
rhn
rhn
wbo
nim
zug
eef
nju
pfu
mul
anw
anw
anw
anw
ywz
tyl
tyl
tyl
tyl
euv
tgq
ohi
ohi
ohi
juj
iwr
ehz
ehz
eum
jpg
jpg
jpg
msr
qex
qyu
zbt
gka
bpa
uwt
xjk
gzf
veo
veo
veo
kvp
pkw
pkw
pkw
pkw
lht
lht
lht
xsa
xsa
xsa
xsa
jtd
wdd
wdd
wdd
gdw
gdw
gdw
gdw
cub
rnj
rnj
rnj
rnj
rnj
rnj
aos
aos
xzp
evm
mdn
kxa
hdk
oxu
ybk
ixf
mfl
tfu
tfu
tef
tef
hnx
ill
ill
hew
iui
gow
hew
iui
iui
iui
iui
mzi
mzi
mzi
iui
wap
wap
iui
iui
okp
jex
jvl
zvv
eum
ryf
npb
npb
npb
npb
npb
npb
ryf
ryf
ryf
nou
byz
okj
okj
okj
etd
ndi
uun
syt
ndi
ndi
ndi
lfl
hny
lfl
lfl
eer
lfl
lfl
jwy
lvk
mdu
jot
krg
krg
mhh
mhh
reo
reo
reo
reo
bnt
uen
whu
ygj
ygj
ygj
cas
cas
ocq
ocq
qzw
qzw
ybu
ybu
wlg
qiq
qiq
qiq
qiq
qiq
nys
nys
nys
nys
fbq
fbq
uey
bxk
edk
fvj
fvj
fvj
fvj
fvj
fvj
fvj
fvj
fvj
jkd
jkd
vat
vat
nnx
uly
bdj
bdj
bdj
bdj
oya
oya
kvw
kvw
zlc
vrk
vrk
vrk
vrk
vrk
tlg
tlg
tlg
tlg
tlg
ugj
iwh
iwh
ejy
iwh
atv
atv
atv
pcq
fkt
fkt
fkt
ery
jtf
ced
ced
rsl
hbm
rtc
hbm
hbm
hbm
kdm
kdm
vgk
baq
baq
fxv
oie
onj
onj
onj
onj
onj
dwy
rep
rep
vdl
kru
knq
kru
knq
gos
rnd
rnd
lfl
lfl
lfl
jpf
jpf
vlr
vlr
vlr
inz
inz
inz
inz
zaj
zaj
okv
okv
frh
mgr
frh
mgr
nml
nml
nml
slr
lpu
lpu
bat
nuj
nuj
nuj
nuj
okz
dsg
yyi
dwq
lbu
zzm
zzm
igx
igx
igx
did
uzr
uzr
lld
lld
lld
lld
cjo
kam
kam
kam
egj
egj
wzf
pli
pli
tyx
boj
boj
osu
wgd
wgd
wgd
lgk
nse
nov
igz
kxn
kxn
ysv
ysv
ysv
yol
gnj
rcm
gnj
bgv
mpr
olx
mpr
ozg
ozg
ozg
ozg
ltp
ltp
yly
yly
sru
sru
sru
sru
sru
sru
sru
sru
sru
xsr
xsr
xsr
sjp
sjp
jva
gnj
kyf
vrt
vrt
vrt
tjf
tjf
sbl
sbl
sbl
gnx
sbl
jva
sbl
sbl
sbl
sbl
sbl
sbl
sbl
nxt
nxt
nxt
nxt
tvb
mvv
qie
jvs
lls
eel
swb
swb
exy
ldy
ftj
qhl
qhl
qhl
fak
fak
edy
fcx
fcx
axy
axy
axy
axy
axy
piu
gvn
gvn
gvn
gvn
vgv
vgv
vgv
vgv
hpu
hpu
vxp
vxp
btz
btz
btz
qnk
yue
dty
dty
dty
dty
bay
cbg
cbg
ppm
ppm
pdg
pdg
yea
vhm
vhm
vhm
eia
eia
eia
vhm
vhm
pof
pof
wvo
amg
kkh
vew
vew
vew
xkq
xkq
pzo
cdw
cdw
wna
wna
wbk
wbk
yhh
yhh
xkq
yhh
yhh
xkq
xkq
xkq
xkq
nwk
nwk
uht
wdy
qnt
jym
jym
jva
jva
sry
kyn
kyn
kyn
drw
mdd
gkm
gkm
mql
ykb
mql
mql
vkm
kso
bxb
pby
gax
gdk
gdk
faj
cti
cti
uwr
kua
mrp
mmr
mmr
mrp
gex
lyy
nqh
nqh
fzs
eti
vvh
vvh
vvh
vvh
vvh
vvh
bwn
mbx
mbx
ney
ney
ney
ney
ney
yma
oav
oav
oav
zwf
hxu
emx
emx
icz
mfx
mfx
oaf
wrf
frh
frh
frh
frh
yki
yki
mgq
mgq
mgq
uoi
auo
gim
xdy
xdy
gim
auo
auo
hcp
jgp
gim
gim
wzm
wzm
wzm
wzm
cas
ytt
qon
gsa
gsa
bbo
gsa
rcb
rcb
rcb
qtx
yoa
zjj
ysd
ysd
ysd
ysd
isl
uhh
opq
opq
fck
fck
fck
fck
fck
rmq
fzg
fzg
ylk
gga
gga
hkh
lyh
lyh
lyh
ylk
ylk
ylk
ylk
ylk
ckp
kpb
ksp
vcb
heh
cqt
dob
dob
dob
dob
fmf
fmf
gul
bnx
zyl
pru
pru
pru
pqt
pqt
nyw
nyw
wxa
afy
afy
gli
gli
gli
gli
hdv
uxi
uxi
lwj
lwj
reg
dag
cxt
cxt
cxt
jqn
csf
qhk
qia
qhk
qia
qia
qia
qia
qia
tsg
tsg
tsg
tsg
tsg
qia
qia
qia
qia
ghi
ile
ile
tyu
wie
wie
wie
jrh
czv
vmh
vmh
tbb
yai
ubl
ubl
mtb
ywv
qob
rob
vlw
vlw
tim
tim
qck
ngl
ngl
ngl
ngl
okb
okb
okb
okb
fuj
fuj
fuj
fuj
fuj
oae
oae
oae
bnt
bnt
oae
exb
exb
oae
oae
wlm
cdu
cdu
cdu
wlm
tyq
ywr
ywr
vva
vva
ouh
ouh
vva
vva
vva
gea
zfu
zfu
mkc
mkc
mkc
mkc
tpu
tpu
tpu
tpu
ioa
aqo
miy
uxv
ovx
dlf
gof
smf
smf
gof
gof
gof
gof
oty
wnl
wqx
rap
zdv
zdv
dlf
dlf
uri
dom
con
con
mql
mql
mql
wal
wal
wal
ecw
arh
arh
cxu
cxu
cxu
cxu
cxu
ted
ted
ted
ksv
tbm
wim
wim
tcc
jdj
jdj
jdj
rch
rch
rch
rch
rch
cyc
idp
lfu
khk
khk
khk
rvd
rvd
rvd
ztf
ioc
niv
bsx
vzf
bdd
bsx
bsx
bsx
bdd
gns
vmf
vmf
vmf
vow
vow
nqx
nqx
nqx
bjb
ods
ods
ods
qwy
yyx
blk
xqg
xqg
qmx
hto
hto
smr
zzn
zzn
zzn
zzn
zzn
dhg
tvk
tvk
cix
btn
btn
vht
vht
cpb
zng
qxq
qxq
qxq
ajw
abv
abv
kgq
ajw
bzf
bzf
ajw
bzf
ajw
ajw
ucz
ucz
ucz
rae
fop
mir
ajj
sei
dvu
ajj
dvu
dvu
dvu
gjd
xdz
xdz
lhi
xyc
vig
vig
vig
vig
vig
vig
uyi
uyi
uyi
uyi
bsp
bsp
bsp
bsp
nun
nun
nun
jym
jym
jym
jym
oyg
jym
grx
tte
sbn
sbn
jym
tjj
ppg
ppg
rap
kfi
kfi
kfi
pim
pim
fcl
zrt
zrt
zrt
unz
ojq
unz
ojq
unz
ojq
ojq
aib
aib
ojq
ojq
aib
lyr
grj
eli
zlm
xcm
xcm
xcm
xcm
xcm
xcm
ndc
ndc
pcy
pcy
pcy
nzg
zhu
zhu
zhu
zhu
zhu
zhu
zhu
asd
asd
asd
asd
asd
asd
muf
muf
gjs
muf
muf
muf
muf
muf
hqg
tbx
tbx
tbx
xmr
pyl
snu
snu
yow
yow
xyq
xyq
rfq
jaj
rfq
jaj
rfq
jaj
lav
ope
gpp
kdu
ayo
ayo
btu
btu
btu
btu
glg
glg
dqf
guy
guy
eke
eke
eke
eke
ufn
ufn
ufn
uqf
uqf
sme
uqf
hko
hko
hko
onn
zcf
zcf
xzl
jvk
xzl
jvk
jvk
jvk
qiy
jkw
kwv
hxq
wcj
wcj
wcj
qcz
qcz
wcj
fmn
axa
axa
axa
ono
ono
ono
ono
pnl
pnl
pnl
xkg
ddd
pub
pub
pub
pub
pub
pub
jyz
vew
ajh
ajh
ajh
ajh
duf
ppe
ppe
ppe
xzd
wtj
wtj
bzc
pcm
qml
qml
xag
xag
ema
ema
ema
gai
gai
gai
gai
gai
gai
gai
dbd
lyv
lyv
wdh
wdh
wdh
njt
njt
njt
njt
jxl
jxl
wah
wah
wah
xeq
asc
asc
asc
asc
ydr
ydr
phq
phq
phq
phq
lkk
uhc
uhc
wsp
xif
xif
pcl
pcl
ota
ota
bqm
vsm
ynr
rsv
ntk
rnt
rnt
rnt
rnt
zne
zne
lfo
lfo
lfo
lfo
afg
lfo
afg
ktc
rxb
aah
aah
gps
gps
gps
ovb
ovb
uyd
ovb
ovb
ovb
ovb
abh
abh
ngz
zkk
zkk
fef
fef
fef
xpv
xpv
xpv
rlo
qlg
jks
jks
qyx
qyx
qyx
ggl
mnh
mnh
sxv
sxv
zce
znz
znz
znz
duz
duz
duz
duz
duz
duz
ujj
sxv
sxv
gse
gse
gse
zto
stw
rnj
rnj
rnj
rnj
rnj
rnj
rnj
rnj
rnj
rnj
rnj
mes
mes
mes
mes
mes
dbd
dbd
dbd
vix
cfz
zck
zck
aoz
zvr
xrw
mom
mom
mom
mom
mom
tfo
sny
sny
tnw
xmz
ooq
ooq
jhm
zcz
zcz
idt
idt
xwf
xwf
joc
dun
dun
smu
dun
dun
dun
dun
mel
mel
cwv
jxy
jxy
qgz
qgz
qgz
pum
yrn
kyv
pum
pum
srt
fyd
uwl
bzj
eqy
ebk
ebk
ebk
ihq
ihq
ihq
ihq
pbs
pbs
ejp
ejp
ejp
ejp
ejp
egv
egv
egv
ugs
ugs
zxp
zxp
cqx
cqx
kcz
rir
omw
omw
omw
kcw
kcw
kcw
szh
szh
kcw
ncl
ncl
ncl
ncl
nym
nym
nym
nym
ldn
ldn
dzz
urs
urs
urs
wrk
wrk
urs
wrk
urs
urs
jyw
jyw
jyw
wrk
wrk
wrk
jyw
wrk
jyw
jyw
jyw
wrk
wrk
wrk
wrk
rdu
wrk
xwx
xwx
amy
fby
fby
lez
jgw
lez
mlc
lez
lez
czc
czc
czc
czc
czc
czc
czc
nww
psz
psz
psz
mfl
mfl
ehn
unq
unq
zup
zup
zup
zup
uax
uax
qsy
qsy
qsy
adi
cua
cua
rkp
mma
mma
mma
fbh
ssv
xwj
jey
jey
jey
jey
gow
gow
ipz
ipz
ipz
kvm
eyd
izx
ycc
izx
wkd
bpa
bwu
bwu
bwu
muw
utj
pjt
pjt
fix
fix
fix
spb
jis
jis
oyq
nkm
mgw
mgw
mgw
mgw
frn
frn
tcs
tcs
omd
wmp
wmp
wmp
hpa
dyv
nct
asf
jje
udj
udj
kxd
jje
awq
awl
awl
wdn
asf
tmq
asf
asf
nbi
ead
tuk
tuk
vra
jrt
rbc
aar
evt
gtp
zqq
uqd
cmd
cmd
svr
qpy
ghv
ghv
zht
ghv
ghv
bub
bub
ylh
dan
dan
kwd
kwd
dan
kwd
kwd
vjv
sij
sij
sij
sij
sij
vjv
qng
vjv
sjj
sjj
sjj
fhe
ify
zbl
kfo
kfo
mzo
cbt
lnc
lnc
lnc
lnc
hvw
hvw
hvw
hvw
hvw
cbq
cbq
dyi
dyi
cbq
cbq
vvq
rus
grk
grk
grk
rri
cwo
dny
dny
gyf
cwo
gyf
cwo
kxz
umd
umd
umd
jip
hpj
hpj
hpj
hpj
hpj
rgh
rgh
rgh
rgh
rgh
rgh
vjx
jfn
jfn
icn
icn
icn
icn
bzc
jku
duv
bik
vzh
pto
cgs
cgs
cgs
mio
tfw
ciu
ciu
wtu
wtu
wtu
yoa
yoa
yoa
wtu
wtu
mmo
mmo
urb
mmo
iru
avg
avg
zbr
zbr
irf
rdl
spq
spq
spq
irf
ftg
wnx
nyc
ayb
fup
dic
dic
bcp
bcp
bcp
bcp
uvm
aka
aka
plr
plr
gus
yft
til
kfr
kfr
kfr
ujn
ujn
ujn
pmq
hbs
pmq
tdp
tdp
tdp
qvm
qvm
cgm
rqo
igh
ake
lqh
khe
khe
khe
yiq
yiq
han
han
irx
uos
rxq
ruq
ruq
tlo
tlo
tet
tet
tet
osv
xhp
xhp
xhp
jmq
adq
ips
civ
lfd
lfd
vdz
vdz
tkd
hma
hma
tkd
tkd
tkd
tkd
hma
hma
tkd
tkd
uka
yab
gdf
gdf
sax
sax
bar
jvk
jvk
jvk
jvk
jvk
yxc
csd
qjm
naw
jch
jch
jch
ofx
wri
ecj
ecj
qdg
kix
kix
kix
qdg
qdg
urw
urw
dvc
dvc
iii
ydt
ydt
ydt
ydt
ydt
ydt
ydt
ydt
lea
lea
ydt
fzi
fzi
vlp
vlp
vlp
vlp
fdr
fdr
fdr
fdr
tai
tai
swi